[debug] [2022-06-19T19:14:12.486Z] ----------------------------------------------------------------------
[debug] [2022-06-19T19:14:12.489Z] Command:       /usr/local/bin/node /usr/local/bin/firebase init
[debug] [2022-06-19T19:14:12.489Z] CLI Version:   11.1.0
[debug] [2022-06-19T19:14:12.490Z] Platform:      darwin
[debug] [2022-06-19T19:14:12.490Z] Node Version:  v16.13.1
[debug] [2022-06-19T19:14:12.492Z] Time:          Sun Jun 19 2022 21:14:12 GMT+0200 (Central European Summer Time)
[debug] [2022-06-19T19:14:12.492Z] ----------------------------------------------------------------------
[debug] 
[debug] [2022-06-19T19:14:12.500Z] > command requires scopes: ["email","openid","https://www.googleapis.com/auth/cloudplatformprojects.readonly","https://www.googleapis.com/auth/firebase","https://www.googleapis.com/auth/cloud-platform"]
[debug] [2022-06-19T19:14:12.501Z] > authorizing via signed-in user (andrelouiz@outlook.com)
[info] 
     ######## #### ########  ######## ########     ###     ######  ########
     ##        ##  ##     ## ##       ##     ##  ##   ##  ##       ##
     ######    ##  ########  ######   ########  #########  ######  ######
     ##        ##  ##    ##  ##       ##     ## ##     ##       ## ##
     ##       #### ##     ## ######## ########  ##     ##  ######  ########

You're about to initialize a Firebase project in this directory:

  /Users/andrelouiz/Downloads/Todo Proj Andre

[info] 
=== Project Setup
[info] 
[info] First, let's associate this project directory with a Firebase project.
[info] You can create multiple project aliases by running firebase use --add, 
[info] but for now we'll just set up a default project.
[info] 
[debug] [2022-06-19T19:14:36.490Z] > refreshing access token with scopes: []
[debug] [2022-06-19T19:14:36.494Z] >>> [apiv2][query] POST https://www.googleapis.com/oauth2/v3/token [none]
[debug] [2022-06-19T19:14:36.494Z] >>> [apiv2][body] POST https://www.googleapis.com/oauth2/v3/token [omitted]
[debug] [2022-06-19T19:14:37.062Z] <<< [apiv2][status] POST https://www.googleapis.com/oauth2/v3/token 200
[debug] [2022-06-19T19:14:37.063Z] <<< [apiv2][body] POST https://www.googleapis.com/oauth2/v3/token [omitted]
[debug] [2022-06-19T19:14:37.124Z] >>> [apiv2][query] GET https://firebase.googleapis.com/v1beta1/projects pageSize=100
[debug] [2022-06-19T19:14:37.909Z] <<< [apiv2][status] GET https://firebase.googleapis.com/v1beta1/projects 200
[debug] [2022-06-19T19:14:37.909Z] <<< [apiv2][body] GET https://firebase.googleapis.com/v1beta1/projects [omitted]
[info] i  Using project todolist-65d63 (todolist) 
[info] 
=== Hosting Setup
[info] 
[info] Your public directory is the folder (relative to your project directory) that
[info] will contain Hosting assets to be uploaded with firebase deploy. If you
[info] have a build process for your assets, use your build's output directory.
[info] 
[debug] [2022-06-19T19:15:47.064Z] >>> [apiv2][query] GET https://www.gstatic.com/firebasejs/releases.json [none]
[debug] [2022-06-19T19:15:47.552Z] <<< [apiv2][status] GET https://www.gstatic.com/firebasejs/releases.json 200
[debug] [2022-06-19T19:15:47.552Z] <<< [apiv2][body] GET https://www.gstatic.com/firebasejs/releases.json {"current":{"version":"9.8.3","browserURL":"https://www.gstatic.com/firebasejs/9.8.3/firebase.js","packageURL":"https://www.gstatic.com/firebasejs/9.8.3/firebase.tgz"},"live":{"version":"9.8","browserURL":"https://www.gstatic.com/firebasejs/live/9.8/firebase.js","packageURL":"https://www.gstatic.com/firebasejs/live/9.8/firebase.tgz"},"components":{"analytics":"https://www.gstatic.com/firebasejs/9.8.3/firebase-analytics.js","app":"https://www.gstatic.com/firebasejs/9.8.3/firebase-app.js","app-check":"https://www.gstatic.com/firebasejs/9.8.3/firebase-app-check.js","auth":"https://www.gstatic.com/firebasejs/9.8.3/firebase-auth.js","auth/cordova":"https://www.gstatic.com/firebasejs/9.8.3/firebase-auth/cordova.js","auth/react-native":"https://www.gstatic.com/firebasejs/9.8.3/firebase-auth/react-native.js","functions":"https://www.gstatic.com/firebasejs/9.8.3/firebase-functions.js","firestore":"https://www.gstatic.com/firebasejs/9.8.3/firebase-firestore.js","firestore/lite":"https://www.gstatic.com/firebasejs/9.8.3/firebase-firestore/lite.js","storage":"https://www.gstatic.com/firebasejs/9.8.3/firebase-storage.js","performance":"https://www.gstatic.com/firebasejs/9.8.3/firebase-performance.js","remote-config":"https://www.gstatic.com/firebasejs/9.8.3/firebase-remote-config.js","messaging":"https://www.gstatic.com/firebasejs/9.8.3/firebase-messaging.js","messaging/sw":"https://www.gstatic.com/firebasejs/9.8.3/firebase-messaging/sw.js","database":"https://www.gstatic.com/firebasejs/9.8.3/firebase-database.js","firestore.memory":"https://www.gstatic.com/firebasejs/9.8.3/firebase-firestore.memory.js"}}
[info] ✔  Wrote build/index.html 
[info] 
[info] i  Detected a .git folder at /Users/andrelouiz 
[info] i  Authorizing with GitHub to upload your service account to a GitHub repository's secrets store. 
[info] 
[info] Visit this URL on this device to log in:
[info] https://github.com/login/oauth/authorize?client_id=89cf50f02ac6aaed3484&state=560691860&redirect_uri=http%3A%2F%2Flocalhost%3A9005&scope=read%3Auser%20repo%20public_repo
[info] 
[info] Waiting for authentication...
[debug] [2022-06-19T19:15:48.545Z] >>> [apiv2][query] POST https://github.com/login/oauth/access_token [none]
[debug] [2022-06-19T19:15:48.546Z] >>> [apiv2][body] POST https://github.com/login/oauth/access_token [stream]
[debug] [2022-06-19T19:15:48.983Z] <<< [apiv2][status] POST https://github.com/login/oauth/access_token 200
[debug] [2022-06-19T19:15:48.983Z] <<< [apiv2][body] POST https://github.com/login/oauth/access_token {"access_token":"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","token_type":"bearer","scope":"read:user,repo"}
[debug] [2022-06-19T19:15:48.992Z] >>> [apiv2][query] GET https://api.github.com/user [none]
[debug] [2022-06-19T19:15:49.582Z] <<< [apiv2][status] GET https://api.github.com/user 200
[debug] [2022-06-19T19:15:49.583Z] <<< [apiv2][body] GET https://api.github.com/user {"login":"andrelouiz","id":70779501,"node_id":"MDQ6VXNlcjcwNzc5NTAx","avatar_url":"https://avatars.githubusercontent.com/u/70779501?v=4","gravatar_id":"","url":"https://api.github.com/users/andrelouiz","html_url":"https://github.com/andrelouiz","followers_url":"https://api.github.com/users/andrelouiz/followers","following_url":"https://api.github.com/users/andrelouiz/following{/other_user}","gists_url":"https://api.github.com/users/andrelouiz/gists{/gist_id}","starred_url":"https://api.github.com/users/andrelouiz/starred{/owner}{/repo}","subscriptions_url":"https://api.github.com/users/andrelouiz/subscriptions","organizations_url":"https://api.github.com/users/andrelouiz/orgs","repos_url":"https://api.github.com/users/andrelouiz/repos","events_url":"https://api.github.com/users/andrelouiz/events{/privacy}","received_events_url":"https://api.github.com/users/andrelouiz/received_events","type":"User","site_admin":false,"name":"Andre Santos","company":null,"blog":"linkedin.com/in/andrelouiz/","location":"Poznań","email":null,"hireable":null,"bio":null,"twitter_username":null,"public_repos":20,"public_gists":0,"followers":0,"following":4,"created_at":"2020-09-04T21:27:06Z","updated_at":"2022-06-09T10:43:41Z","private_gists":1,"total_private_repos":11,"owned_private_repos":11,"disk_usage":1339,"collaborators":0,"two_factor_authentication":false,"plan":{"name":"pro","space":976562499,"collaborators":0,"private_repos":9999}}
[info] 
[info] ✔  Success! Logged into GitHub as andrelouiz 
[info] 
[debug] [2022-06-19T19:25:44.825Z] >>> [apiv2][query] GET https://api.github.com/repos/andrelouiz/todoapp/actions/secrets/public-key type=owner
[debug] [2022-06-19T19:25:45.330Z] <<< [apiv2][status] GET https://api.github.com/repos/andrelouiz/todoapp/actions/secrets/public-key 401
[debug] [2022-06-19T19:25:45.330Z] <<< [apiv2][body] GET https://api.github.com/repos/andrelouiz/todoapp/actions/secrets/public-key {"message":"Bad credentials","documentation_url":"https://docs.github.com/rest"}
[debug] [2022-06-19T19:26:04.393Z] >>> [apiv2][query] GET https://api.github.com/repos/andrelouiz/todoapp/actions/secrets/public-key type=owner
[debug] [2022-06-19T19:26:04.765Z] <<< [apiv2][status] GET https://api.github.com/repos/andrelouiz/todoapp/actions/secrets/public-key 401
[debug] [2022-06-19T19:26:04.765Z] <<< [apiv2][body] GET https://api.github.com/repos/andrelouiz/todoapp/actions/secrets/public-key {"message":"Bad credentials","documentation_url":"https://docs.github.com/rest"}
[debug] [2022-06-19T19:26:05.445Z] >>> [apiv2][query] GET https://api.github.com/repos/andrelouiz/todoapp/actions/secrets/public-key type=owner
[debug] [2022-06-19T19:26:05.817Z] <<< [apiv2][status] GET https://api.github.com/repos/andrelouiz/todoapp/actions/secrets/public-key 401
[debug] [2022-06-19T19:26:05.818Z] <<< [apiv2][body] GET https://api.github.com/repos/andrelouiz/todoapp/actions/secrets/public-key {"message":"Bad credentials","documentation_url":"https://docs.github.com/rest"}
[debug] [2022-06-19T19:26:07.150Z] >>> [apiv2][query] GET https://api.github.com/repos/andrelouiz/todoapp/actions/secrets/public-key type=owner
[debug] [2022-06-19T19:26:07.309Z] >>> [apiv2][query] GET https://api.github.com/repos//actions/secrets/public-key type=owner
[debug] [2022-06-19T19:26:07.467Z] >>> [apiv2][query] GET https://api.github.com/repos//actions/secrets/public-key type=owner
[debug] [2022-06-19T19:26:07.533Z] <<< [apiv2][status] GET https://api.github.com/repos/andrelouiz/todoapp/actions/secrets/public-key 401
[debug] [2022-06-19T19:26:07.533Z] <<< [apiv2][body] GET https://api.github.com/repos/andrelouiz/todoapp/actions/secrets/public-key {"message":"Bad credentials","documentation_url":"https://docs.github.com/rest"}
[debug] [2022-06-19T19:26:07.672Z] <<< [apiv2][status] GET https://api.github.com/repos//actions/secrets/public-key 401
[debug] [2022-06-19T19:26:07.672Z] <<< [apiv2][body] GET https://api.github.com/repos//actions/secrets/public-key {"message":"Bad credentials","documentation_url":"https://docs.github.com/rest"}
[debug] [2022-06-19T19:26:07.830Z] <<< [apiv2][status] GET https://api.github.com/repos//actions/secrets/public-key 401
[debug] [2022-06-19T19:26:07.830Z] <<< [apiv2][body] GET https://api.github.com/repos//actions/secrets/public-key {"message":"Bad credentials","documentation_url":"https://docs.github.com/rest"}
[debug] [2022-06-19T19:26:09.484Z] >>> [apiv2][query] GET https://api.github.com/repos/andrelouiz/todoapp/actions/secrets/public-key type=owner
[debug] [2022-06-19T19:26:09.741Z] >>> [apiv2][query] GET https://api.github.com/repos//actions/secrets/public-key type=owner
[debug] [2022-06-19T19:26:09.858Z] <<< [apiv2][status] GET https://api.github.com/repos/andrelouiz/todoapp/actions/secrets/public-key 401
[debug] [2022-06-19T19:26:09.858Z] <<< [apiv2][body] GET https://api.github.com/repos/andrelouiz/todoapp/actions/secrets/public-key {"message":"Bad credentials","documentation_url":"https://docs.github.com/rest"}
[debug] [2022-06-19T19:26:10.099Z] <<< [apiv2][status] GET https://api.github.com/repos//actions/secrets/public-key 401
[debug] [2022-06-19T19:26:10.099Z] <<< [apiv2][body] GET https://api.github.com/repos//actions/secrets/public-key {"message":"Bad credentials","documentation_url":"https://docs.github.com/rest"}
[debug] [2022-06-19T19:26:18.308Z] >>> [apiv2][query] GET https://api.github.com/repos/andrelouiz/todoapp/actions/secrets/public-key type=owner
[debug] [2022-06-19T19:26:18.509Z] >>> [apiv2][query] GET https://api.github.com/repos//actions/secrets/public-key type=owner
[debug] [2022-06-19T19:26:18.686Z] <<< [apiv2][status] GET https://api.github.com/repos/andrelouiz/todoapp/actions/secrets/public-key 401
[debug] [2022-06-19T19:26:18.687Z] <<< [apiv2][body] GET https://api.github.com/repos/andrelouiz/todoapp/actions/secrets/public-key {"message":"Bad credentials","documentation_url":"https://docs.github.com/rest"}
[debug] [2022-06-19T19:26:18.874Z] <<< [apiv2][status] GET https://api.github.com/repos//actions/secrets/public-key 401
[debug] [2022-06-19T19:26:18.875Z] <<< [apiv2][body] GET https://api.github.com/repos//actions/secrets/public-key {"message":"Bad credentials","documentation_url":"https://docs.github.com/rest"}
[debug] [2022-06-19T19:26:23.084Z] >>> [apiv2][query] GET https://api.github.com/repos/andrelouiz//actions/secrets/public-key type=owner
[debug] [2022-06-19T19:26:23.457Z] <<< [apiv2][status] GET https://api.github.com/repos/andrelouiz//actions/secrets/public-key 401
[debug] [2022-06-19T19:26:23.457Z] <<< [apiv2][body] GET https://api.github.com/repos/andrelouiz//actions/secrets/public-key {"message":"Bad credentials","documentation_url":"https://docs.github.com/rest"}
[debug] [2022-06-19T19:26:25.794Z] >>> [apiv2][query] GET https://api.github.com/repos/andrelouiz/todoapp/actions/secrets/public-key type=owner
[debug] [2022-06-19T19:26:26.180Z] <<< [apiv2][status] GET https://api.github.com/repos/andrelouiz/todoapp/actions/secrets/public-key 401
[debug] [2022-06-19T19:26:26.180Z] <<< [apiv2][body] GET https://api.github.com/repos/andrelouiz/todoapp/actions/secrets/public-key {"message":"Bad credentials","documentation_url":"https://docs.github.com/rest"}
[debug] [2022-06-19T19:31:00.839Z] >>> [apiv2][query] GET https://api.github.com/repos/andrelouiz/todoapp/actions/secrets/public-key type=owner
[debug] [2022-06-19T19:31:01.212Z] <<< [apiv2][status] GET https://api.github.com/repos/andrelouiz/todoapp/actions/secrets/public-key 401
[debug] [2022-06-19T19:31:01.213Z] <<< [apiv2][body] GET https://api.github.com/repos/andrelouiz/todoapp/actions/secrets/public-key {"message":"Bad credentials","documentation_url":"https://docs.github.com/rest"}
[debug] [2022-06-19T19:31:02.153Z] >>> [apiv2][query] GET https://api.github.com/repos/andrelouiz/todoapp/actions/secrets/public-key type=owner
[debug] [2022-06-19T19:31:02.406Z] >>> [apiv2][query] GET https://api.github.com/repos//actions/secrets/public-key type=owner
[debug] [2022-06-19T19:31:02.527Z] <<< [apiv2][status] GET https://api.github.com/repos/andrelouiz/todoapp/actions/secrets/public-key 401
[debug] [2022-06-19T19:31:02.527Z] <<< [apiv2][body] GET https://api.github.com/repos/andrelouiz/todoapp/actions/secrets/public-key {"message":"Bad credentials","documentation_url":"https://docs.github.com/rest"}
[debug] [2022-06-19T19:31:02.612Z] >>> [apiv2][query] GET https://api.github.com/repos/andrelouiz/todoapp/actions/secrets/public-key type=owner
[debug] [2022-06-19T19:31:02.762Z] <<< [apiv2][status] GET https://api.github.com/repos//actions/secrets/public-key 401
[debug] [2022-06-19T19:31:02.762Z] <<< [apiv2][body] GET https://api.github.com/repos//actions/secrets/public-key {"message":"Bad credentials","documentation_url":"https://docs.github.com/rest"}
[debug] [2022-06-19T19:31:02.943Z] >>> [apiv2][query] GET https://api.github.com/repos//actions/secrets/public-key type=owner
[debug] [2022-06-19T19:31:02.976Z] <<< [apiv2][status] GET https://api.github.com/repos/andrelouiz/todoapp/actions/secrets/public-key 401
[debug] [2022-06-19T19:31:02.976Z] <<< [apiv2][body] GET https://api.github.com/repos/andrelouiz/todoapp/actions/secrets/public-key {"message":"Bad credentials","documentation_url":"https://docs.github.com/rest"}
[debug] [2022-06-19T19:31:03.306Z] <<< [apiv2][status] GET https://api.github.com/repos//actions/secrets/public-key 401
[debug] [2022-06-19T19:31:03.306Z] <<< [apiv2][body] GET https://api.github.com/repos//actions/secrets/public-key {"message":"Bad credentials","documentation_url":"https://docs.github.com/rest"}
[debug] [2022-06-19T19:31:03.730Z] >>> [apiv2][query] GET https://api.github.com/repos/andrelouiz/todoapp/actions/secrets/public-key type=owner
[debug] [2022-06-19T19:31:04.102Z] <<< [apiv2][status] GET https://api.github.com/repos/andrelouiz/todoapp/actions/secrets/public-key 401
[debug] [2022-06-19T19:31:04.103Z] <<< [apiv2][body] GET https://api.github.com/repos/andrelouiz/todoapp/actions/secrets/public-key {"message":"Bad credentials","documentation_url":"https://docs.github.com/rest"}
[debug] [2022-06-19T19:31:07.756Z] >>> [apiv2][query] GET https://api.github.com/repos/andrelouiz/todoapp/actions/secrets/public-key type=owner
[debug] [2022-06-19T19:31:08.130Z] <<< [apiv2][status] GET https://api.github.com/repos/andrelouiz/todoapp/actions/secrets/public-key 401
[debug] [2022-06-19T19:31:08.130Z] <<< [apiv2][body] GET https://api.github.com/repos/andrelouiz/todoapp/actions/secrets/public-key {"message":"Bad credentials","documentation_url":"https://docs.github.com/rest"}
[debug] [2022-06-19T19:31:10.704Z] >>> [apiv2][query] GET https://api.github.com/repos/andrelouiz//actions/secrets/public-key type=owner
[debug] [2022-06-19T19:31:11.077Z] <<< [apiv2][status] GET https://api.github.com/repos/andrelouiz//actions/secrets/public-key 401
[debug] [2022-06-19T19:31:11.077Z] <<< [apiv2][body] GET https://api.github.com/repos/andrelouiz//actions/secrets/public-key {"message":"Bad credentials","documentation_url":"https://docs.github.com/rest"}
[debug] [2022-06-19T19:31:13.697Z] >>> [apiv2][query] GET https://api.github.com/repos/andrelouiz/todo/actions/secrets/public-key type=owner
[debug] [2022-06-19T19:31:14.183Z] <<< [apiv2][status] GET https://api.github.com/repos/andrelouiz/todo/actions/secrets/public-key 401
[debug] [2022-06-19T19:31:14.184Z] <<< [apiv2][body] GET https://api.github.com/repos/andrelouiz/todo/actions/secrets/public-key {"message":"Bad credentials","documentation_url":"https://docs.github.com/rest"}
[debug] [2022-06-19T19:33:25.810Z] >>> [apiv2][query] GET https://api.github.com/repos/andrelouiz/todo/actions/secrets/public-key type=owner
[debug] [2022-06-19T19:33:26.288Z] <<< [apiv2][status] GET https://api.github.com/repos/andrelouiz/todo/actions/secrets/public-key 401
[debug] [2022-06-19T19:33:26.289Z] <<< [apiv2][body] GET https://api.github.com/repos/andrelouiz/todo/actions/secrets/public-key {"message":"Bad credentials","documentation_url":"https://docs.github.com/rest"}
[debug] [2022-06-19T19:33:26.520Z] >>> [apiv2][query] GET https://api.github.com/repos/andrelouiz/todo/actions/secrets/public-key type=owner
[debug] [2022-06-19T19:33:26.880Z] <<< [apiv2][status] GET https://api.github.com/repos/andrelouiz/todo/actions/secrets/public-key 401
[debug] [2022-06-19T19:33:26.880Z] <<< [apiv2][body] GET https://api.github.com/repos/andrelouiz/todo/actions/secrets/public-key {"message":"Bad credentials","documentation_url":"https://docs.github.com/rest"}
[debug] [2022-06-19T19:33:27.130Z] >>> [apiv2][query] GET https://api.github.com/repos/andrelouiz/todo/actions/secrets/public-key type=owner
[debug] [2022-06-19T19:33:27.381Z] >>> [apiv2][query] GET https://api.github.com/repos//actions/secrets/public-key type=owner
[debug] [2022-06-19T19:33:27.415Z] >>> [apiv2][query] GET https://api.github.com/repos//actions/secrets/public-key type=owner
[debug] [2022-06-19T19:33:27.450Z] >>> [apiv2][query] GET https://api.github.com/repos//actions/secrets/public-key type=owner
[debug] [2022-06-19T19:33:27.479Z] >>> [apiv2][query] GET https://api.github.com/repos//actions/secrets/public-key type=owner
[debug] [2022-06-19T19:33:27.500Z] <<< [apiv2][status] GET https://api.github.com/repos/andrelouiz/todo/actions/secrets/public-key 401
[debug] [2022-06-19T19:33:27.501Z] <<< [apiv2][body] GET https://api.github.com/repos/andrelouiz/todo/actions/secrets/public-key {"message":"Bad credentials","documentation_url":"https://docs.github.com/rest"}
[debug] [2022-06-19T19:33:27.514Z] >>> [apiv2][query] GET https://api.github.com/repos/andrelouiz/todo/actions/secrets/public-key type=owner
[debug] [2022-06-19T19:33:27.551Z] >>> [apiv2][query] GET https://api.github.com/repos//actions/secrets/public-key type=owner
[debug] [2022-06-19T19:33:27.586Z] >>> [apiv2][query] GET https://api.github.com/repos//actions/secrets/public-key type=owner
[debug] [2022-06-19T19:33:27.617Z] >>> [apiv2][query] GET https://api.github.com/repos//actions/secrets/public-key type=owner
[debug] [2022-06-19T19:33:27.651Z] >>> [apiv2][query] GET https://api.github.com/repos//actions/secrets/public-key type=owner
[debug] [2022-06-19T19:33:27.686Z] >>> [apiv2][query] GET https://api.github.com/repos//actions/secrets/public-key type=owner
[debug] [2022-06-19T19:33:27.721Z] >>> [apiv2][query] GET https://api.github.com/repos//actions/secrets/public-key type=owner
[debug] [2022-06-19T19:33:27.756Z] <<< [apiv2][status] GET https://api.github.com/repos//actions/secrets/public-key 401
[debug] [2022-06-19T19:33:27.756Z] <<< [apiv2][body] GET https://api.github.com/repos//actions/secrets/public-key {"message":"Bad credentials","documentation_url":"https://docs.github.com/rest"}
[debug] [2022-06-19T19:33:27.758Z] >>> [apiv2][query] GET https://api.github.com/repos//actions/secrets/public-key type=owner
[debug] [2022-06-19T19:33:27.780Z] <<< [apiv2][status] GET https://api.github.com/repos//actions/secrets/public-key 401
[debug] [2022-06-19T19:33:27.780Z] <<< [apiv2][body] GET https://api.github.com/repos//actions/secrets/public-key {"message":"Bad credentials","documentation_url":"https://docs.github.com/rest"}
[debug] [2022-06-19T19:33:27.786Z] >>> [apiv2][query] GET https://api.github.com/repos//actions/secrets/public-key type=owner
[debug] [2022-06-19T19:33:27.813Z] <<< [apiv2][status] GET https://api.github.com/repos//actions/secrets/public-key 401
[debug] [2022-06-19T19:33:27.813Z] <<< [apiv2][body] GET https://api.github.com/repos//actions/secrets/public-key {"message":"Bad credentials","documentation_url":"https://docs.github.com/rest"}
[debug] [2022-06-19T19:33:27.820Z] >>> [apiv2][query] GET https://api.github.com/repos//actions/secrets/public-key type=owner
[debug] [2022-06-19T19:33:27.840Z] <<< [apiv2][status] GET https://api.github.com/repos//actions/secrets/public-key 401
[debug] [2022-06-19T19:33:27.840Z] <<< [apiv2][body] GET https://api.github.com/repos//actions/secrets/public-key {"message":"Bad credentials","documentation_url":"https://docs.github.com/rest"}
[debug] [2022-06-19T19:33:27.857Z] >>> [apiv2][query] GET https://api.github.com/repos//actions/secrets/public-key type=owner
[debug] [2022-06-19T19:33:27.886Z] >>> [apiv2][query] GET https://api.github.com/repos//actions/secrets/public-key type=owner
[debug] [2022-06-19T19:33:27.899Z] <<< [apiv2][status] GET https://api.github.com/repos/andrelouiz/todo/actions/secrets/public-key 401
[debug] [2022-06-19T19:33:27.899Z] <<< [apiv2][body] GET https://api.github.com/repos/andrelouiz/todo/actions/secrets/public-key {"message":"Bad credentials","documentation_url":"https://docs.github.com/rest"}
[debug] [2022-06-19T19:33:27.908Z] <<< [apiv2][status] GET https://api.github.com/repos//actions/secrets/public-key 401
[debug] [2022-06-19T19:33:27.908Z] <<< [apiv2][body] GET https://api.github.com/repos//actions/secrets/public-key {"message":"Bad credentials","documentation_url":"https://docs.github.com/rest"}
[debug] [2022-06-19T19:33:27.920Z] >>> [apiv2][query] GET https://api.github.com/repos/andrelouiz/todo/actions/secrets/public-key type=owner
[debug] [2022-06-19T19:33:27.955Z] >>> [apiv2][query] GET https://api.github.com/repos//actions/secrets/public-key type=owner
[debug] [2022-06-19T19:33:27.977Z] <<< [apiv2][status] GET https://api.github.com/repos//actions/secrets/public-key 401
[debug] [2022-06-19T19:33:27.978Z] <<< [apiv2][body] GET https://api.github.com/repos//actions/secrets/public-key {"message":"Bad credentials","documentation_url":"https://docs.github.com/rest"}
[debug] [2022-06-19T19:33:27.991Z] >>> [apiv2][query] GET https://api.github.com/repos//actions/secrets/public-key type=owner
[debug] [2022-06-19T19:33:28.008Z] <<< [apiv2][status] GET https://api.github.com/repos//actions/secrets/public-key 401
[debug] [2022-06-19T19:33:28.008Z] <<< [apiv2][body] GET https://api.github.com/repos//actions/secrets/public-key {"message":"Bad credentials","documentation_url":"https://docs.github.com/rest"}
[debug] [2022-06-19T19:33:28.016Z] <<< [apiv2][status] GET https://api.github.com/repos//actions/secrets/public-key 401
[debug] [2022-06-19T19:33:28.016Z] <<< [apiv2][body] GET https://api.github.com/repos//actions/secrets/public-key {"message":"Bad credentials","documentation_url":"https://docs.github.com/rest"}
[debug] [2022-06-19T19:33:28.021Z] >>> [apiv2][query] GET https://api.github.com/repos//actions/secrets/public-key type=owner
[debug] [2022-06-19T19:33:28.048Z] <<< [apiv2][status] GET https://api.github.com/repos//actions/secrets/public-key 401
[debug] [2022-06-19T19:33:28.049Z] <<< [apiv2][body] GET https://api.github.com/repos//actions/secrets/public-key {"message":"Bad credentials","documentation_url":"https://docs.github.com/rest"}
[debug] [2022-06-19T19:33:28.057Z] >>> [apiv2][query] GET https://api.github.com/repos//actions/secrets/public-key type=owner
[debug] [2022-06-19T19:33:28.091Z] >>> [apiv2][query] GET https://api.github.com/repos//actions/secrets/public-key type=owner
[debug] [2022-06-19T19:33:28.119Z] <<< [apiv2][status] GET https://api.github.com/repos//actions/secrets/public-key 401
[debug] [2022-06-19T19:33:28.120Z] <<< [apiv2][body] GET https://api.github.com/repos//actions/secrets/public-key {"message":"Bad credentials","documentation_url":"https://docs.github.com/rest"}
[debug] [2022-06-19T19:33:28.123Z] >>> [apiv2][query] GET https://api.github.com/repos//actions/secrets/public-key type=owner
[debug] [2022-06-19T19:33:28.126Z] <<< [apiv2][status] GET https://api.github.com/repos//actions/secrets/public-key 401
[debug] [2022-06-19T19:33:28.126Z] <<< [apiv2][body] GET https://api.github.com/repos//actions/secrets/public-key {"message":"Bad credentials","documentation_url":"https://docs.github.com/rest"}
[debug] [2022-06-19T19:33:28.142Z] <<< [apiv2][status] GET https://api.github.com/repos//actions/secrets/public-key 401
[debug] [2022-06-19T19:33:28.143Z] <<< [apiv2][body] GET https://api.github.com/repos//actions/secrets/public-key {"message":"Bad credentials","documentation_url":"https://docs.github.com/rest"}
[debug] [2022-06-19T19:33:28.155Z] >>> [apiv2][query] GET https://api.github.com/repos//actions/secrets/public-key type=owner
[debug] [2022-06-19T19:33:28.192Z] >>> [apiv2][query] GET https://api.github.com/repos//actions/secrets/public-key type=owner
[debug] [2022-06-19T19:33:28.197Z] <<< [apiv2][status] GET https://api.github.com/repos//actions/secrets/public-key 401
[debug] [2022-06-19T19:33:28.197Z] <<< [apiv2][body] GET https://api.github.com/repos//actions/secrets/public-key {"message":"Bad credentials","documentation_url":"https://docs.github.com/rest"}
[debug] [2022-06-19T19:33:28.224Z] >>> [apiv2][query] GET https://api.github.com/repos//actions/secrets/public-key type=owner
[debug] [2022-06-19T19:33:28.228Z] <<< [apiv2][status] GET https://api.github.com/repos//actions/secrets/public-key 401
[debug] [2022-06-19T19:33:28.228Z] <<< [apiv2][body] GET https://api.github.com/repos//actions/secrets/public-key {"message":"Bad credentials","documentation_url":"https://docs.github.com/rest"}
[debug] [2022-06-19T19:33:28.250Z] <<< [apiv2][status] GET https://api.github.com/repos//actions/secrets/public-key 401
[debug] [2022-06-19T19:33:28.251Z] <<< [apiv2][body] GET https://api.github.com/repos//actions/secrets/public-key {"message":"Bad credentials","documentation_url":"https://docs.github.com/rest"}
[debug] [2022-06-19T19:33:28.280Z] <<< [apiv2][status] GET https://api.github.com/repos/andrelouiz/todo/actions/secrets/public-key 401
[debug] [2022-06-19T19:33:28.280Z] <<< [apiv2][body] GET https://api.github.com/repos/andrelouiz/todo/actions/secrets/public-key {"message":"Bad credentials","documentation_url":"https://docs.github.com/rest"}
[debug] [2022-06-19T19:33:28.335Z] <<< [apiv2][status] GET https://api.github.com/repos//actions/secrets/public-key 401
[debug] [2022-06-19T19:33:28.335Z] <<< [apiv2][body] GET https://api.github.com/repos//actions/secrets/public-key {"message":"Bad credentials","documentation_url":"https://docs.github.com/rest"}
[debug] [2022-06-19T19:33:28.347Z] <<< [apiv2][status] GET https://api.github.com/repos//actions/secrets/public-key 401
[debug] [2022-06-19T19:33:28.348Z] <<< [apiv2][body] GET https://api.github.com/repos//actions/secrets/public-key {"message":"Bad credentials","documentation_url":"https://docs.github.com/rest"}
[debug] [2022-06-19T19:33:28.381Z] <<< [apiv2][status] GET https://api.github.com/repos//actions/secrets/public-key 401
[debug] [2022-06-19T19:33:28.381Z] <<< [apiv2][body] GET https://api.github.com/repos//actions/secrets/public-key {"message":"Bad credentials","documentation_url":"https://docs.github.com/rest"}
[debug] [2022-06-19T19:33:28.446Z] <<< [apiv2][status] GET https://api.github.com/repos//actions/secrets/public-key 401
[debug] [2022-06-19T19:33:28.446Z] <<< [apiv2][body] GET https://api.github.com/repos//actions/secrets/public-key {"message":"Bad credentials","documentation_url":"https://docs.github.com/rest"}
[debug] [2022-06-19T19:33:28.458Z] <<< [apiv2][status] GET https://api.github.com/repos//actions/secrets/public-key 401
[debug] [2022-06-19T19:33:28.458Z] <<< [apiv2][body] GET https://api.github.com/repos//actions/secrets/public-key {"message":"Bad credentials","documentation_url":"https://docs.github.com/rest"}
[debug] [2022-06-19T19:33:28.484Z] <<< [apiv2][status] GET https://api.github.com/repos//actions/secrets/public-key 401
[debug] [2022-06-19T19:33:28.484Z] <<< [apiv2][body] GET https://api.github.com/repos//actions/secrets/public-key {"message":"Bad credentials","documentation_url":"https://docs.github.com/rest"}
[debug] [2022-06-19T19:33:28.548Z] <<< [apiv2][status] GET https://api.github.com/repos//actions/secrets/public-key 401
[debug] [2022-06-19T19:33:28.548Z] <<< [apiv2][body] GET https://api.github.com/repos//actions/secrets/public-key {"message":"Bad credentials","documentation_url":"https://docs.github.com/rest"}
[debug] [2022-06-19T19:33:28.556Z] <<< [apiv2][status] GET https://api.github.com/repos//actions/secrets/public-key 401
[debug] [2022-06-19T19:33:28.556Z] <<< [apiv2][body] GET https://api.github.com/repos//actions/secrets/public-key {"message":"Bad credentials","documentation_url":"https://docs.github.com/rest"}
[debug] [2022-06-19T19:33:28.584Z] <<< [apiv2][status] GET https://api.github.com/repos//actions/secrets/public-key 401
[debug] [2022-06-19T19:33:28.585Z] <<< [apiv2][body] GET https://api.github.com/repos//actions/secrets/public-key {"message":"Bad credentials","documentation_url":"https://docs.github.com/rest"}
